  Main.cpp
C:\Users\rival\source\repos\BirdnetWrapper\packages\boost.1.75.0.0\lib\native\include\boost\bind.hpp(41): message : The practice of declaring the Bind placeholders (_1, _2, ...) in the global namespace is deprecated. Please use <boost/bind/bind.hpp> + using namespace boost::placeholders, or define BOOST_BIND_GLOBAL_PLACEHOLDERS to retain the current behavior.
  Please define _WIN32_WINNT or _WIN32_WINDOWS appropriately. For example:
  - add -D_WIN32_WINNT=0x0601 to the compiler command line; or
  - add _WIN32_WINNT=0x0601 to your project's Preprocessor Definitions.
  Assuming _WIN32_WINNT=0x0601 (i.e. Windows 7 target).
  BirdnetWrapper.vcxproj -> C:\Users\rival\source\repos\BirdnetWrapper\x64\Debug\BirdnetWrapper.exe
  C:\Users\rival\source\repos\BirdnetWrapper\BirdnetWrapper\Birdnet_recorder\.gitignore
  C:\Users\rival\source\repos\BirdnetWrapper\BirdnetWrapper\Birdnet_recorder\config.py
  C:\Users\rival\source\repos\BirdnetWrapper\BirdnetWrapper\Birdnet_recorder\demo.html
  C:\Users\rival\source\repos\BirdnetWrapper\BirdnetWrapper\Birdnet_recorder\labels.txt
  C:\Users\rival\source\repos\BirdnetWrapper\BirdnetWrapper\Birdnet_recorder\LICENSE
  C:\Users\rival\source\repos\BirdnetWrapper\BirdnetWrapper\Birdnet_recorder\model.tflite
  C:\Users\rival\source\repos\BirdnetWrapper\BirdnetWrapper\Birdnet_recorder\README.md
  C:\Users\rival\source\repos\BirdnetWrapper\BirdnetWrapper\Birdnet_recorder\recorder.py
  C:\Users\rival\source\repos\BirdnetWrapper\BirdnetWrapper\Birdnet_recorder\server.py
  C:\Users\rival\source\repos\BirdnetWrapper\BirdnetWrapper\Birdnet_recorder\startup.sh
  C:\Users\rival\source\repos\BirdnetWrapper\BirdnetWrapper\Birdnet_recorder\img\inno_demo.png
  C:\Users\rival\source\repos\BirdnetWrapper\BirdnetWrapper\Birdnet_recorder\img\xc.png
  C:\Users\rival\source\repos\BirdnetWrapper\BirdnetWrapper\Birdnet_recorder\model\BirdNET_1000_TF_ResNet_50K_config.json
  C:\Users\rival\source\repos\BirdnetWrapper\BirdnetWrapper\Birdnet_recorder\model\BirdNET_1000_TF_ResNet_50K_model.tflite
  C:\Users\rival\source\repos\BirdnetWrapper\BirdnetWrapper\Birdnet_recorder\model\BirdNET_1000_TF_ResNet_9000_config.json
  C:\Users\rival\source\repos\BirdnetWrapper\BirdnetWrapper\Birdnet_recorder\model\BirdNET_1000_TF_ResNet_9000_model.tflite
  C:\Users\rival\source\repos\BirdnetWrapper\BirdnetWrapper\Birdnet_recorder\model\labels.txt
  C:\Users\rival\source\repos\BirdnetWrapper\BirdnetWrapper\Birdnet_recorder\model\model.tflite
  C:\Users\rival\source\repos\BirdnetWrapper\BirdnetWrapper\Birdnet_recorder\pi\playback.py
  C:\Users\rival\source\repos\BirdnetWrapper\BirdnetWrapper\Birdnet_recorder\sounds\CCC_01.wav
  C:\Users\rival\source\repos\BirdnetWrapper\BirdnetWrapper\Birdnet_recorder\sounds\CHM_01.wav
  C:\Users\rival\source\repos\BirdnetWrapper\BirdnetWrapper\Birdnet_recorder\sounds\CHM_02.wav
  C:\Users\rival\source\repos\BirdnetWrapper\BirdnetWrapper\Birdnet_recorder\sounds\CHM_03.wav
  C:\Users\rival\source\repos\BirdnetWrapper\BirdnetWrapper\Birdnet_recorder\sounds\CHM_04.wav
  C:\Users\rival\source\repos\BirdnetWrapper\BirdnetWrapper\Birdnet_recorder\sounds\CHM_05.wav
  C:\Users\rival\source\repos\BirdnetWrapper\BirdnetWrapper\Birdnet_recorder\sounds\CL_01.wav
  C:\Users\rival\source\repos\BirdnetWrapper\BirdnetWrapper\Birdnet_recorder\sounds\CL_02.wav
  C:\Users\rival\source\repos\BirdnetWrapper\BirdnetWrapper\Birdnet_recorder\sounds\CL_03.wav
  C:\Users\rival\source\repos\BirdnetWrapper\BirdnetWrapper\Birdnet_recorder\sounds\CL_05.wav
  C:\Users\rival\source\repos\BirdnetWrapper\BirdnetWrapper\Birdnet_recorder\sounds\CL_06.wav
  C:\Users\rival\source\repos\BirdnetWrapper\BirdnetWrapper\Birdnet_recorder\sounds\CS_01.wav
  C:\Users\rival\source\repos\BirdnetWrapper\BirdnetWrapper\Birdnet_recorder\sounds\CS_02.wav
  C:\Users\rival\source\repos\BirdnetWrapper\BirdnetWrapper\Birdnet_recorder\sounds\CS_03.wav
  C:\Users\rival\source\repos\BirdnetWrapper\BirdnetWrapper\Birdnet_recorder\sounds\CS_04.wav
  C:\Users\rival\source\repos\BirdnetWrapper\BirdnetWrapper\Birdnet_recorder\sounds\CS_05.wav
  C:\Users\rival\source\repos\BirdnetWrapper\BirdnetWrapper\Birdnet_recorder\sounds\CS_06.wav
  C:\Users\rival\source\repos\BirdnetWrapper\BirdnetWrapper\Birdnet_recorder\sounds\CS_07.wav
  C:\Users\rival\source\repos\BirdnetWrapper\BirdnetWrapper\Birdnet_recorder\sounds\CS_08.wav
  C:\Users\rival\source\repos\BirdnetWrapper\BirdnetWrapper\Birdnet_recorder\sounds\CS_09.wav
  C:\Users\rival\source\repos\BirdnetWrapper\BirdnetWrapper\Birdnet_recorder\sounds\EBT_01.wav
  C:\Users\rival\source\repos\BirdnetWrapper\BirdnetWrapper\Birdnet_recorder\sounds\EGF_01.wav
  C:\Users\rival\source\repos\BirdnetWrapper\BirdnetWrapper\Birdnet_recorder\sounds\EPF_01.wav
  C:\Users\rival\source\repos\BirdnetWrapper\BirdnetWrapper\Birdnet_recorder\sounds\EPF_02.wav
  C:\Users\rival\source\repos\BirdnetWrapper\BirdnetWrapper\Birdnet_recorder\sounds\EPF_03.wav
  C:\Users\rival\source\repos\BirdnetWrapper\BirdnetWrapper\Birdnet_recorder\sounds\EPF_04.wav
  C:\Users\rival\source\repos\BirdnetWrapper\BirdnetWrapper\Birdnet_recorder\sounds\EPF_05.wav
  C:\Users\rival\source\repos\BirdnetWrapper\BirdnetWrapper\Birdnet_recorder\sounds\GC_01.wav
  C:\Users\rival\source\repos\BirdnetWrapper\BirdnetWrapper\Birdnet_recorder\sounds\YH_01.wav
  C:\Users\rival\source\repos\BirdnetWrapper\BirdnetWrapper\Birdnet_recorder\static\css\bootstrap.min.css
  C:\Users\rival\source\repos\BirdnetWrapper\BirdnetWrapper\Birdnet_recorder\static\css\bootstrap.min.css.map
  C:\Users\rival\source\repos\BirdnetWrapper\BirdnetWrapper\Birdnet_recorder\static\css\style.css
  C:\Users\rival\source\repos\BirdnetWrapper\BirdnetWrapper\Birdnet_recorder\static\img\Carduelis carduelis_European Goldfinch.jpg
  C:\Users\rival\source\repos\BirdnetWrapper\BirdnetWrapper\Birdnet_recorder\static\img\Cyanistes caeruleus_Eurasian Blue Tit.jpg
  C:\Users\rival\source\repos\BirdnetWrapper\BirdnetWrapper\Birdnet_recorder\static\img\Delichon urbicum_Common House-Martin.jpg
  C:\Users\rival\source\repos\BirdnetWrapper\BirdnetWrapper\Birdnet_recorder\static\img\Emberiza citrinella_Yellowhammer.jpg
  C:\Users\rival\source\repos\BirdnetWrapper\BirdnetWrapper\Birdnet_recorder\static\img\Erithacus rubecula_European Robin.jpg
  C:\Users\rival\source\repos\BirdnetWrapper\BirdnetWrapper\Birdnet_recorder\static\img\Ficedula hypoleuca_European Pied Flycatcher.jpg
  C:\Users\rival\source\repos\BirdnetWrapper\BirdnetWrapper\Birdnet_recorder\static\img\Fringilla coelebs_Common Chaffinch.jpg
  C:\Users\rival\source\repos\BirdnetWrapper\BirdnetWrapper\Birdnet_recorder\static\img\Linaria cannabina_Eurasian Linnet.jpg
  C:\Users\rival\source\repos\BirdnetWrapper\BirdnetWrapper\Birdnet_recorder\static\img\Parus major_Great Tit.jpg
  C:\Users\rival\source\repos\BirdnetWrapper\BirdnetWrapper\Birdnet_recorder\static\img\Passer domesticus_House Sparrow.jpg
  C:\Users\rival\source\repos\BirdnetWrapper\BirdnetWrapper\Birdnet_recorder\static\img\Phoenicurus ochruros_Black Redstart.jpg
  C:\Users\rival\source\repos\BirdnetWrapper\BirdnetWrapper\Birdnet_recorder\static\img\Phylloscopus collybita_Common Chiffchaff.jpg
  C:\Users\rival\source\repos\BirdnetWrapper\BirdnetWrapper\Birdnet_recorder\static\img\Regulus regulus_Goldcrest.jpg
  C:\Users\rival\source\repos\BirdnetWrapper\BirdnetWrapper\Birdnet_recorder\static\img\Sturnus vulgaris_European Starling.jpg
  C:\Users\rival\source\repos\BirdnetWrapper\BirdnetWrapper\Birdnet_recorder\static\img\Turdus merula_Eurasian Blackbird.jpg
  C:\Users\rival\source\repos\BirdnetWrapper\BirdnetWrapper\Birdnet_recorder\static\js\audioViewer.js
  C:\Users\rival\source\repos\BirdnetWrapper\BirdnetWrapper\Birdnet_recorder\static\js\bootstrap.bundle.min.js
  C:\Users\rival\source\repos\BirdnetWrapper\BirdnetWrapper\Birdnet_recorder\static\js\bootstrap.bundle.min.js.map
  C:\Users\rival\source\repos\BirdnetWrapper\BirdnetWrapper\Birdnet_recorder\static\js\chroma.js
  C:\Users\rival\source\repos\BirdnetWrapper\BirdnetWrapper\Birdnet_recorder\static\js\jquery-3.4.1.min.js
  C:\Users\rival\source\repos\BirdnetWrapper\BirdnetWrapper\Birdnet_recorder\static\js\stream.js
  C:\Users\rival\source\repos\BirdnetWrapper\BirdnetWrapper\Birdnet_recorder\utils\audio.py
  C:\Users\rival\source\repos\BirdnetWrapper\BirdnetWrapper\Birdnet_recorder\utils\image.py
  C:\Users\rival\source\repos\BirdnetWrapper\BirdnetWrapper\Birdnet_recorder\utils\log.py
  C:\Users\rival\source\repos\BirdnetWrapper\BirdnetWrapper\Birdnet_recorder\utils\__init__.py
  76 File(s) copied
